# JRE version: 7.0_25-b17
# Java VM: Java HotSpot(TM) Client VM (23.25-b01 mixed mode windows-x86 )
Heap
 def new generation   total 172416K, used 172415K [0x034b0000, 0x0efc0000, 0x18a00000)
  eden space 153280K, 100% used [0x034b0000, 0x0ca60000, 0x0ca60000)
  from space 19136K,  99% used [0x0dd10000, 0x0efbfff8, 0x0efc0000)
  to   space 19136K,   0% used [0x0ca60000, 0x0ca60000, 0x0dd10000)
 tenured generation   total 400220K, used 400220K [0x18a00000, 0x310d7000, 0x434b0000)
   the space 400220K, 100% used [0x18a00000, 0x310d7000, 0x310d7000, 0x310d7000)
 compacting perm gen  total 12288K, used 3816K [0x434b0000, 0x440b0000, 0x474b0000)
   the space 12288K,  31% used [0x434b0000, 0x4386a158, 0x4386a200, 0x440b0000)
GC Heap History (10 events):
Event: 68.587 GC heap after
Heap after GC invocations=64 (full 7):
 def new generation   total 166400K, used 18432K [0x034b0000, 0x0e930000, 0x18a00000)
  eden space 147968K,   0% used [0x034b0000, 0x034b0000, 0x0c530000)
  from space 18432K, 100% used [0x0c530000, 0x0d730000, 0x0d730000)
  to   space 18432K,   0% used [0x0d730000, 0x0d730000, 0x0e930000)
 tenured generation   total 369540K, used 296521K [0x18a00000, 0x2f2e1000, 0x434b0000)
   the space 369540K,  80% used [0x18a00000, 0x2ab92770, 0x2ab92800, 0x2f2e1000)
 compacting perm gen  total 12288K, used 3717K [0x434b0000, 0x440b0000, 0x474b0000)
   the space 12288K,  30% used [0x434b0000, 0x43851728, 0x43851800, 0x440b0000)
No shared spaces configured.
}
Event: 78.149 GC heap before
{Heap before GC invocations=64 (full 7):
 def new generation   total 166400K, used 166400K [0x034b0000, 0x0e930000, 0x18a00000)
  eden space 147968K, 100% used [0x034b0000, 0x0c530000, 0x0c530000)
  from space 18432K, 100% used [0x0c530000, 0x0d730000, 0x0d730000)
  to   space 18432K,   0% used [0x0d730000, 0x0d730000, 0x0e930000)
 tenured generation   total 369540K, used 296521K [0x18a00000, 0x2f2e1000, 0x434b0000)
   the space 369540K,  80% used [0x18a00000, 0x2ab92770, 0x2ab92800, 0x2f2e1000)
 compacting perm gen  total 12288K, used 3717K [0x434b0000, 0x440b0000, 0x474b0000)
   the space 12288K,  30% used [0x434b0000, 0x43851728, 0x43851800, 0x440b0000)
No shared spaces configured.
Event: 78.495 GC heap after
Heap after GC invocations=65 (full 7):
 def new generation   total 166400K, used 18432K [0x034b0000, 0x0e930000, 0x18a00000)
  eden space 147968K,   0% used [0x034b0000, 0x034b0000, 0x0c530000)
  from space 18432K, 100% used [0x0d730000, 0x0e930000, 0x0e930000)
  to   space 18432K,   0% used [0x0c530000, 0x0c530000, 0x0d730000)
 tenured generation   total 369540K, used 316819K [0x18a00000, 0x2f2e1000, 0x434b0000)
   the space 369540K,  85% used [0x18a00000, 0x2bf64e58, 0x2bf65000, 0x2f2e1000)
 compacting perm gen  total 12288K, used 3717K [0x434b0000, 0x440b0000, 0x474b0000)
   the space 12288K,  30% used [0x434b0000, 0x43851728, 0x43851800, 0x440b0000)
No shared spaces configured.
}
Event: 84.610 GC heap before
{Heap before GC invocations=65 (full 7):
 def new generation   total 166400K, used 166400K [0x034b0000, 0x0e930000, 0x18a00000)
  eden space 147968K, 100% used [0x034b0000, 0x0c530000, 0x0c530000)
  from space 18432K, 100% used [0x0d730000, 0x0e930000, 0x0e930000)
  to   space 18432K,   0% used [0x0c530000, 0x0c530000, 0x0d730000)
 tenured generation   total 369540K, used 316819K [0x18a00000, 0x2f2e1000, 0x434b0000)
   the space 369540K,  85% used [0x18a00000, 0x2bf64e58, 0x2bf65000, 0x2f2e1000)
 compacting perm gen  total 12288K, used 3717K [0x434b0000, 0x440b0000, 0x474b0000)
   the space 12288K,  30% used [0x434b0000, 0x43851788, 0x43851800, 0x440b0000)
No shared spaces configured.
Event: 84.875 GC heap after
Heap after GC invocations=66 (full 7):
 def new generation   total 166400K, used 18432K [0x034b0000, 0x0e930000, 0x18a00000)
  eden space 147968K,   0% used [0x034b0000, 0x034b0000, 0x0c530000)
  from space 18432K, 100% used [0x0c530000, 0x0d730000, 0x0d730000)
  to   space 18432K,   0% used [0x0d730000, 0x0d730000, 0x0e930000)
 tenured generation   total 369540K, used 339666K [0x18a00000, 0x2f2e1000, 0x434b0000)
   the space 369540K,  91% used [0x18a00000, 0x2d5b4b70, 0x2d5b4c00, 0x2f2e1000)
 compacting perm gen  total 12288K, used 3717K [0x434b0000, 0x440b0000, 0x474b0000)
   the space 12288K,  30% used [0x434b0000, 0x43851788, 0x43851800, 0x440b0000)
No shared spaces configured.
}
Event: 86.314 GC heap before
{Heap before GC invocations=66 (full 7):
 def new generation   total 166400K, used 166400K [0x034b0000, 0x0e930000, 0x18a00000)
  eden space 147968K, 100% used [0x034b0000, 0x0c530000, 0x0c530000)
  from space 18432K, 100% used [0x0c530000, 0x0d730000, 0x0d730000)
  to   space 18432K,   0% used [0x0d730000, 0x0d730000, 0x0e930000)
 tenured generation   total 369540K, used 339666K [0x18a00000, 0x2f2e1000, 0x434b0000)
   the space 369540K,  91% used [0x18a00000, 0x2d5b4b70, 0x2d5b4c00, 0x2f2e1000)
 compacting perm gen  total 12288K, used 3717K [0x434b0000, 0x440b0000, 0x474b0000)
   the space 12288K,  30% used [0x434b0000, 0x43851788, 0x43851800, 0x440b0000)
No shared spaces configured.
Event: 86.536 GC heap after
Heap after GC invocations=67 (full 7):
 def new generation   total 166400K, used 18431K [0x034b0000, 0x0e930000, 0x18a00000)
  eden space 147968K,   0% used [0x034b0000, 0x034b0000, 0x0c530000)
  from space 18432K,  99% used [0x0d730000, 0x0e92fff8, 0x0e930000)
  to   space 18432K,   0% used [0x0c530000, 0x0c530000, 0x0d730000)
 tenured generation   total 369540K, used 361351K [0x18a00000, 0x2f2e1000, 0x434b0000)
   the space 369540K,  97% used [0x18a00000, 0x2eae1fd8, 0x2eae2000, 0x2f2e1000)
 compacting perm gen  total 12288K, used 3717K [0x434b0000, 0x440b0000, 0x474b0000)
   the space 12288K,  30% used [0x434b0000, 0x43851788, 0x43851800, 0x440b0000)
No shared spaces configured.
}
Event: 87.798 GC heap before
{Heap before GC invocations=67 (full 7):
 def new generation   total 166400K, used 166399K [0x034b0000, 0x0e930000, 0x18a00000)
  eden space 147968K, 100% used [0x034b0000, 0x0c530000, 0x0c530000)
  from space 18432K,  99% used [0x0d730000, 0x0e92fff8, 0x0e930000)
  to   space 18432K,   0% used [0x0c530000, 0x0c530000, 0x0d730000)
 tenured generation   total 369540K, used 361351K [0x18a00000, 0x2f2e1000, 0x434b0000)
   the space 369540K,  97% used [0x18a00000, 0x2eae1fd8, 0x2eae2000, 0x2f2e1000)
 compacting perm gen  total 12288K, used 3717K [0x434b0000, 0x440b0000, 0x474b0000)
   the space 12288K,  30% used [0x434b0000, 0x43851798, 0x43851800, 0x440b0000)
No shared spaces configured.
Event: 97.001 GC heap after
Heap after GC invocations=68 (full 8):
 def new generation   total 172416K, used 7234K [0x034b0000, 0x0efc0000, 0x18a00000)
  eden space 153280K,   4% used [0x034b0000, 0x03bc0ad8, 0x0ca60000)
  from space 19136K,   0% used [0x0ca60000, 0x0ca60000, 0x0dd10000)
  to   space 19136K,   0% used [0x0dd10000, 0x0dd10000, 0x0efc0000)
 tenured generation   total 382980K, used 382979K [0x18a00000, 0x30001000, 0x434b0000)
   the space 382980K,  99% used [0x18a00000, 0x30000e30, 0x30001000, 0x30001000)
 compacting perm gen  total 12288K, used 3717K [0x434b0000, 0x440b0000, 0x474b0000)
   the space 12288K,  30% used [0x434b0000, 0x43851588, 0x43851600, 0x440b0000)
No shared spaces configured.
}
Event: 101.649 GC heap before
{Heap before GC invocations=68 (full 8):
 def new generation   total 172416K, used 153280K [0x034b0000, 0x0efc0000, 0x18a00000)
  eden space 153280K, 100% used [0x034b0000, 0x0ca60000, 0x0ca60000)
  from space 19136K,   0% used [0x0ca60000, 0x0ca60000, 0x0dd10000)
  to   space 19136K,   0% used [0x0dd10000, 0x0dd10000, 0x0efc0000)
 tenured generation   total 382980K, used 382979K [0x18a00000, 0x30001000, 0x434b0000)
   the space 382980K,  99% used [0x18a00000, 0x30000e30, 0x30001000, 0x30001000)
 compacting perm gen  total 12288K, used 3816K [0x434b0000, 0x440b0000, 0x474b0000)
   the space 12288K,  31% used [0x434b0000, 0x4386a158, 0x4386a200, 0x440b0000)
No shared spaces configured.

