# JRE version: 7.0_25-b17
# Java VM: Java HotSpot(TM) Client VM (23.25-b01 mixed mode windows-x86 )
Heap
 def new generation   total 8512K, used 5693K [0x03460000, 0x03d90000, 0x189b0000)
  eden space 7616K,  62% used [0x03460000, 0x0390f7a0, 0x03bd0000)
  from space 896K, 100% used [0x03bd0000, 0x03cb0000, 0x03cb0000)
  to   space 896K,   0% used [0x03cb0000, 0x03cb0000, 0x03d90000)
 tenured generation   total 18668K, used 18220K [0x189b0000, 0x19beb000, 0x43460000)
   the space 18668K,  97% used [0x189b0000, 0x19b7b0b8, 0x19b7b200, 0x19beb000)
 compacting perm gen  total 12288K, used 3768K [0x43460000, 0x44060000, 0x47460000)
   the space 12288K,  30% used [0x43460000, 0x4380e058, 0x4380e200, 0x44060000)
GC Heap History (10 events):
Event: 2.980 GC heap before
{Heap before GC invocations=16 (full 1):
 def new generation   total 8512K, used 8511K [0x03460000, 0x03d90000, 0x189b0000)
  eden space 7616K, 100% used [0x03460000, 0x03bd0000, 0x03bd0000)
  from space 896K,  99% used [0x03cb0000, 0x03d8fff8, 0x03d90000)
  to   space 896K,   0% used [0x03bd0000, 0x03bd0000, 0x03cb0000)
 tenured generation   total 18668K, used 11929K [0x189b0000, 0x19beb000, 0x43460000)
   the space 18668K,  63% used [0x189b0000, 0x19556510, 0x19556600, 0x19beb000)
 compacting perm gen  total 12288K, used 3645K [0x43460000, 0x44060000, 0x47460000)
   the space 12288K,  29% used [0x43460000, 0x437ef620, 0x437ef800, 0x44060000)
No shared spaces configured.
Event: 2.992 GC heap after
Heap after GC invocations=17 (full 1):
 def new generation   total 8512K, used 895K [0x03460000, 0x03d90000, 0x189b0000)
  eden space 7616K,   0% used [0x03460000, 0x03460000, 0x03bd0000)
  from space 896K,  99% used [0x03bd0000, 0x03cafff8, 0x03cb0000)
  to   space 896K,   0% used [0x03cb0000, 0x03cb0000, 0x03d90000)
 tenured generation   total 18668K, used 13005K [0x189b0000, 0x19beb000, 0x43460000)
   the space 18668K,  69% used [0x189b0000, 0x196634c0, 0x19663600, 0x19beb000)
 compacting perm gen  total 12288K, used 3645K [0x43460000, 0x44060000, 0x47460000)
   the space 12288K,  29% used [0x43460000, 0x437ef620, 0x437ef800, 0x44060000)
No shared spaces configured.
}
Event: 3.045 GC heap before
{Heap before GC invocations=17 (full 1):
 def new generation   total 8512K, used 8511K [0x03460000, 0x03d90000, 0x189b0000)
  eden space 7616K, 100% used [0x03460000, 0x03bd0000, 0x03bd0000)
  from space 896K,  99% used [0x03bd0000, 0x03cafff8, 0x03cb0000)
  to   space 896K,   0% used [0x03cb0000, 0x03cb0000, 0x03d90000)
 tenured generation   total 18668K, used 13005K [0x189b0000, 0x19beb000, 0x43460000)
   the space 18668K,  69% used [0x189b0000, 0x196634c0, 0x19663600, 0x19beb000)
 compacting perm gen  total 12288K, used 3645K [0x43460000, 0x44060000, 0x47460000)
   the space 12288K,  29% used [0x43460000, 0x437ef640, 0x437ef800, 0x44060000)
No shared spaces configured.
Event: 3.055 GC heap after
Heap after GC invocations=18 (full 1):
 def new generation   total 8512K, used 895K [0x03460000, 0x03d90000, 0x189b0000)
  eden space 7616K,   0% used [0x03460000, 0x03460000, 0x03bd0000)
  from space 896K,  99% used [0x03cb0000, 0x03d8fff8, 0x03d90000)
  to   space 896K,   0% used [0x03bd0000, 0x03bd0000, 0x03cb0000)
 tenured generation   total 18668K, used 14088K [0x189b0000, 0x19beb000, 0x43460000)
   the space 18668K,  75% used [0x189b0000, 0x19772290, 0x19772400, 0x19beb000)
 compacting perm gen  total 12288K, used 3645K [0x43460000, 0x44060000, 0x47460000)
   the space 12288K,  29% used [0x43460000, 0x437ef640, 0x437ef800, 0x44060000)
No shared spaces configured.
}
Event: 3.116 GC heap before
{Heap before GC invocations=18 (full 1):
 def new generation   total 8512K, used 8511K [0x03460000, 0x03d90000, 0x189b0000)
  eden space 7616K, 100% used [0x03460000, 0x03bd0000, 0x03bd0000)
  from space 896K,  99% used [0x03cb0000, 0x03d8fff8, 0x03d90000)
  to   space 896K,   0% used [0x03bd0000, 0x03bd0000, 0x03cb0000)
 tenured generation   total 18668K, used 14088K [0x189b0000, 0x19beb000, 0x43460000)
   the space 18668K,  75% used [0x189b0000, 0x19772290, 0x19772400, 0x19beb000)
 compacting perm gen  total 12288K, used 3645K [0x43460000, 0x44060000, 0x47460000)
   the space 12288K,  29% used [0x43460000, 0x437ef650, 0x437ef800, 0x44060000)
No shared spaces configured.
Event: 3.127 GC heap after
Heap after GC invocations=19 (full 1):
 def new generation   total 8512K, used 896K [0x03460000, 0x03d90000, 0x189b0000)
  eden space 7616K,   0% used [0x03460000, 0x03460000, 0x03bd0000)
  from space 896K, 100% used [0x03bd0000, 0x03cb0000, 0x03cb0000)
  to   space 896K,   0% used [0x03cb0000, 0x03cb0000, 0x03d90000)
 tenured generation   total 18668K, used 15420K [0x189b0000, 0x19beb000, 0x43460000)
   the space 18668K,  82% used [0x189b0000, 0x198bf070, 0x198bf200, 0x19beb000)
 compacting perm gen  total 12288K, used 3645K [0x43460000, 0x44060000, 0x47460000)
   the space 12288K,  29% used [0x43460000, 0x437ef650, 0x437ef800, 0x44060000)
No shared spaces configured.
}
Event: 3.255 GC heap before
{Heap before GC invocations=19 (full 1):
 def new generation   total 8512K, used 8512K [0x03460000, 0x03d90000, 0x189b0000)
  eden space 7616K, 100% used [0x03460000, 0x03bd0000, 0x03bd0000)
  from space 896K, 100% used [0x03bd0000, 0x03cb0000, 0x03cb0000)
  to   space 896K,   0% used [0x03cb0000, 0x03cb0000, 0x03d90000)
 tenured generation   total 18668K, used 15420K [0x189b0000, 0x19beb000, 0x43460000)
   the space 18668K,  82% used [0x189b0000, 0x198bf070, 0x198bf200, 0x19beb000)
 compacting perm gen  total 12288K, used 3646K [0x43460000, 0x44060000, 0x47460000)
   the space 12288K,  29% used [0x43460000, 0x437ef998, 0x437efa00, 0x44060000)
No shared spaces configured.
Event: 3.264 GC heap after
Heap after GC invocations=20 (full 1):
 def new generation   total 8512K, used 896K [0x03460000, 0x03d90000, 0x189b0000)
  eden space 7616K,   0% used [0x03460000, 0x03460000, 0x03bd0000)
  from space 896K, 100% used [0x03cb0000, 0x03d90000, 0x03d90000)
  to   space 896K,   0% used [0x03bd0000, 0x03bd0000, 0x03cb0000)
 tenured generation   total 18668K, used 16525K [0x189b0000, 0x19beb000, 0x43460000)
   the space 18668K,  88% used [0x189b0000, 0x199d3588, 0x199d3600, 0x19beb000)
 compacting perm gen  total 12288K, used 3646K [0x43460000, 0x44060000, 0x47460000)
   the space 12288K,  29% used [0x43460000, 0x437ef998, 0x437efa00, 0x44060000)
No shared spaces configured.
}
Event: 3.531 GC heap before
{Heap before GC invocations=20 (full 1):
 def new generation   total 8512K, used 8512K [0x03460000, 0x03d90000, 0x189b0000)
  eden space 7616K, 100% used [0x03460000, 0x03bd0000, 0x03bd0000)
  from space 896K, 100% used [0x03cb0000, 0x03d90000, 0x03d90000)
  to   space 896K,   0% used [0x03bd0000, 0x03bd0000, 0x03cb0000)
 tenured generation   total 18668K, used 16525K [0x189b0000, 0x19beb000, 0x43460000)
   the space 18668K,  88% used [0x189b0000, 0x199d3588, 0x199d3600, 0x19beb000)
 compacting perm gen  total 12288K, used 3741K [0x43460000, 0x44060000, 0x47460000)
   the space 12288K,  30% used [0x43460000, 0x438076f0, 0x43807800, 0x44060000)
No shared spaces configured.
Event: 3.549 GC heap after
Heap after GC invocations=21 (full 1):
 def new generation   total 8512K, used 896K [0x03460000, 0x03d90000, 0x189b0000)
  eden space 7616K,   0% used [0x03460000, 0x03460000, 0x03bd0000)
  from space 896K, 100% used [0x03bd0000, 0x03cb0000, 0x03cb0000)
  to   space 896K,   0% used [0x03cb0000, 0x03cb0000, 0x03d90000)
 tenured generation   total 18668K, used 18220K [0x189b0000, 0x19beb000, 0x43460000)
   the space 18668K,  97% used [0x189b0000, 0x19b7b0b8, 0x19b7b200, 0x19beb000)
 compacting perm gen  total 12288K, used 3741K [0x43460000, 0x44060000, 0x47460000)
   the space 12288K,  30% used [0x43460000, 0x438076f0, 0x43807800, 0x44060000)
No shared spaces configured.
}

