# JRE version: 7.0_25-b17
# Java VM: Java HotSpot(TM) Client VM (23.25-b01 mixed mode windows-x86 )
Heap
 def new generation   total 14272K, used 4872K [0x03530000, 0x044a0000, 0x18a80000)
  eden space 12736K,  38% used [0x03530000, 0x039f2238, 0x041a0000)
  from space 1536K,   0% used [0x041a0000, 0x041a0000, 0x04320000)
  to   space 1536K,   0% used [0x04320000, 0x04320000, 0x044a0000)
 tenured generation   total 31524K, used 18912K [0x18a80000, 0x1a949000, 0x43530000)
   the space 31524K,  59% used [0x18a80000, 0x19cf8320, 0x19cf8400, 0x1a949000)
 compacting perm gen  total 12288K, used 3647K [0x43530000, 0x44130000, 0x47530000)
   the space 12288K,  29% used [0x43530000, 0x438bff58, 0x438c0000, 0x44130000)
GC Heap History (10 events):
Event: 3.315 GC heap before
{Heap before GC invocations=18 (full 1):
 def new generation   total 8384K, used 8384K [0x03530000, 0x03e40000, 0x18a80000)
  eden space 7488K, 100% used [0x03530000, 0x03c80000, 0x03c80000)
  from space 896K, 100% used [0x03d60000, 0x03e40000, 0x03e40000)
  to   space 896K,   0% used [0x03c80000, 0x03c80000, 0x03d60000)
 tenured generation   total 18456K, used 14055K [0x18a80000, 0x19c86000, 0x43530000)
   the space 18456K,  76% used [0x18a80000, 0x19839d30, 0x19839e00, 0x19c86000)
 compacting perm gen  total 12288K, used 3647K [0x43530000, 0x44130000, 0x47530000)
   the space 12288K,  29% used [0x43530000, 0x438bfc00, 0x438bfc00, 0x44130000)
No shared spaces configured.
Event: 3.327 GC heap after
Heap after GC invocations=19 (full 1):
 def new generation   total 8384K, used 896K [0x03530000, 0x03e40000, 0x18a80000)
  eden space 7488K,   0% used [0x03530000, 0x03530000, 0x03c80000)
  from space 896K, 100% used [0x03c80000, 0x03d60000, 0x03d60000)
  to   space 896K,   0% used [0x03d60000, 0x03d60000, 0x03e40000)
 tenured generation   total 18456K, used 15465K [0x18a80000, 0x19c86000, 0x43530000)
   the space 18456K,  83% used [0x18a80000, 0x1999a5f0, 0x1999a600, 0x19c86000)
 compacting perm gen  total 12288K, used 3647K [0x43530000, 0x44130000, 0x47530000)
   the space 12288K,  29% used [0x43530000, 0x438bfc00, 0x438bfc00, 0x44130000)
No shared spaces configured.
}
Event: 3.366 GC heap before
{Heap before GC invocations=19 (full 1):
 def new generation   total 8384K, used 8384K [0x03530000, 0x03e40000, 0x18a80000)
  eden space 7488K, 100% used [0x03530000, 0x03c80000, 0x03c80000)
  from space 896K, 100% used [0x03c80000, 0x03d60000, 0x03d60000)
  to   space 896K,   0% used [0x03d60000, 0x03d60000, 0x03e40000)
 tenured generation   total 18456K, used 15465K [0x18a80000, 0x19c86000, 0x43530000)
   the space 18456K,  83% used [0x18a80000, 0x1999a5f0, 0x1999a600, 0x19c86000)
 compacting perm gen  total 12288K, used 3647K [0x43530000, 0x44130000, 0x47530000)
   the space 12288K,  29% used [0x43530000, 0x438bfc00, 0x438bfc00, 0x44130000)
No shared spaces configured.
Event: 3.375 GC heap after
Heap after GC invocations=20 (full 1):
 def new generation   total 8384K, used 895K [0x03530000, 0x03e40000, 0x18a80000)
  eden space 7488K,   0% used [0x03530000, 0x03530000, 0x03c80000)
  from space 896K,  99% used [0x03d60000, 0x03e3fff8, 0x03e40000)
  to   space 896K,   0% used [0x03c80000, 0x03c80000, 0x03d60000)
 tenured generation   total 18456K, used 16414K [0x18a80000, 0x19c86000, 0x43530000)
   the space 18456K,  88% used [0x18a80000, 0x19a87aa8, 0x19a87c00, 0x19c86000)
 compacting perm gen  total 12288K, used 3647K [0x43530000, 0x44130000, 0x47530000)
   the space 12288K,  29% used [0x43530000, 0x438bfc00, 0x438bfc00, 0x44130000)
No shared spaces configured.
}
Event: 3.419 GC heap before
{Heap before GC invocations=20 (full 1):
 def new generation   total 8384K, used 8383K [0x03530000, 0x03e40000, 0x18a80000)
  eden space 7488K, 100% used [0x03530000, 0x03c80000, 0x03c80000)
  from space 896K,  99% used [0x03d60000, 0x03e3fff8, 0x03e40000)
  to   space 896K,   0% used [0x03c80000, 0x03c80000, 0x03d60000)
 tenured generation   total 18456K, used 16414K [0x18a80000, 0x19c86000, 0x43530000)
   the space 18456K,  88% used [0x18a80000, 0x19a87aa8, 0x19a87c00, 0x19c86000)
 compacting perm gen  total 12288K, used 3647K [0x43530000, 0x44130000, 0x47530000)
   the space 12288K,  29% used [0x43530000, 0x438bfc10, 0x438bfe00, 0x44130000)
No shared spaces configured.
Event: 3.429 GC heap after
Heap after GC invocations=21 (full 1):
 def new generation   total 8384K, used 896K [0x03530000, 0x03e40000, 0x18a80000)
  eden space 7488K,   0% used [0x03530000, 0x03530000, 0x03c80000)
  from space 896K, 100% used [0x03c80000, 0x03d60000, 0x03d60000)
  to   space 896K,   0% used [0x03d60000, 0x03d60000, 0x03e40000)
 tenured generation   total 18456K, used 17426K [0x18a80000, 0x19c86000, 0x43530000)
   the space 18456K,  94% used [0x18a80000, 0x19b84ad8, 0x19b84c00, 0x19c86000)
 compacting perm gen  total 12288K, used 3647K [0x43530000, 0x44130000, 0x47530000)
   the space 12288K,  29% used [0x43530000, 0x438bfc10, 0x438bfe00, 0x44130000)
No shared spaces configured.
}
Event: 3.471 GC heap before
{Heap before GC invocations=21 (full 1):
 def new generation   total 8384K, used 8384K [0x03530000, 0x03e40000, 0x18a80000)
  eden space 7488K, 100% used [0x03530000, 0x03c80000, 0x03c80000)
  from space 896K, 100% used [0x03c80000, 0x03d60000, 0x03d60000)
  to   space 896K,   0% used [0x03d60000, 0x03d60000, 0x03e40000)
 tenured generation   total 18456K, used 17426K [0x18a80000, 0x19c86000, 0x43530000)
   the space 18456K,  94% used [0x18a80000, 0x19b84ad8, 0x19b84c00, 0x19c86000)
 compacting perm gen  total 12288K, used 3647K [0x43530000, 0x44130000, 0x47530000)
   the space 12288K,  29% used [0x43530000, 0x438bff48, 0x438c0000, 0x44130000)
No shared spaces configured.
Event: 3.480 GC heap after
Heap after GC invocations=22 (full 1):
 def new generation   total 8384K, used 896K [0x03530000, 0x03e40000, 0x18a80000)
  eden space 7488K,   0% used [0x03530000, 0x03530000, 0x03c80000)
  from space 896K, 100% used [0x03d60000, 0x03e40000, 0x03e40000)
  to   space 896K,   0% used [0x03c80000, 0x03c80000, 0x03d60000)
 tenured generation   total 18456K, used 18424K [0x18a80000, 0x19c86000, 0x43530000)
   the space 18456K,  99% used [0x18a80000, 0x19c7e210, 0x19c7e400, 0x19c86000)
 compacting perm gen  total 12288K, used 3647K [0x43530000, 0x44130000, 0x47530000)
   the space 12288K,  29% used [0x43530000, 0x438bff48, 0x438c0000, 0x44130000)
No shared spaces configured.
}
Event: 3.533 GC heap before
{Heap before GC invocations=22 (full 1):
 def new generation   total 8384K, used 8384K [0x03530000, 0x03e40000, 0x18a80000)
  eden space 7488K, 100% used [0x03530000, 0x03c80000, 0x03c80000)
  from space 896K, 100% used [0x03d60000, 0x03e40000, 0x03e40000)
  to   space 896K,   0% used [0x03c80000, 0x03c80000, 0x03d60000)
 tenured generation   total 18456K, used 18424K [0x18a80000, 0x19c86000, 0x43530000)
   the space 18456K,  99% used [0x18a80000, 0x19c7e210, 0x19c7e400, 0x19c86000)
 compacting perm gen  total 12288K, used 3647K [0x43530000, 0x44130000, 0x47530000)
   the space 12288K,  29% used [0x43530000, 0x438bff58, 0x438c0000, 0x44130000)
No shared spaces configured.
Event: 3.662 GC heap after
Heap after GC invocations=23 (full 2):
 def new generation   total 14272K, used 0K [0x03530000, 0x044a0000, 0x18a80000)
  eden space 12736K,   0% used [0x03530000, 0x03530000, 0x041a0000)
  from space 1536K,   0% used [0x041a0000, 0x041a0000, 0x04320000)
  to   space 1536K,   0% used [0x04320000, 0x04320000, 0x044a0000)
 tenured generation   total 31524K, used 18912K [0x18a80000, 0x1a949000, 0x43530000)
   the space 31524K,  59% used [0x18a80000, 0x19cf8320, 0x19cf8400, 0x1a949000)
 compacting perm gen  total 12288K, used 3647K [0x43530000, 0x44130000, 0x47530000)
   the space 12288K,  29% used [0x43530000, 0x438bff58, 0x438c0000, 0x44130000)
No shared spaces configured.
}

