# JRE version: 7.0_25-b17
# Java VM: Java HotSpot(TM) Client VM (23.25-b01 mixed mode windows-x86 )
Heap
 def new generation   total 143552K, used 127616K [0x03490000, 0x0d050000, 0x189e0000)
  eden space 127616K, 100% used [0x03490000, 0x0b130000, 0x0b130000)
  from space 15936K,   0% used [0x0b130000, 0x0b130000, 0x0c0c0000)
  to   space 15936K, 100% used [0x0c0c0000, 0x0d050000, 0x0d050000)
 tenured generation   total 324644K, used 324643K [0x189e0000, 0x2c6e9000, 0x43490000)
   the space 324644K,  99% used [0x189e0000, 0x2c6e8ff8, 0x2c6e9000, 0x2c6e9000)
 compacting perm gen  total 12288K, used 3816K [0x43490000, 0x44090000, 0x47490000)
   the space 12288K,  31% used [0x43490000, 0x4384a1a8, 0x4384a200, 0x44090000)
GC Heap History (10 events):
Event: 28.462 GC heap after
Heap after GC invocations=63 (full 10):
 def new generation   total 118912K, used 12395K [0x03490000, 0x0b590000, 0x189e0000)
  eden space 105728K,  11% used [0x03490000, 0x040aaeb0, 0x09bd0000)
  from space 13184K,   0% used [0x09bd0000, 0x09bd0000, 0x0a8b0000)
  to   space 13184K,   0% used [0x0a8b0000, 0x0a8b0000, 0x0b590000)
 tenured generation   total 264132K, used 264129K [0x189e0000, 0x28bd1000, 0x43490000)
   the space 264132K,  99% used [0x189e0000, 0x28bd07f8, 0x28bd0800, 0x28bd1000)
 compacting perm gen  total 12288K, used 3717K [0x43490000, 0x44090000, 0x47490000)
   the space 12288K,  30% used [0x43490000, 0x43831598, 0x43831600, 0x44090000)
No shared spaces configured.
}
Event: 29.061 GC heap before
{Heap before GC invocations=63 (full 10):
 def new generation   total 118912K, used 105728K [0x03490000, 0x0b590000, 0x189e0000)
  eden space 105728K, 100% used [0x03490000, 0x09bd0000, 0x09bd0000)
  from space 13184K,   0% used [0x09bd0000, 0x09bd0000, 0x0a8b0000)
  to   space 13184K,   0% used [0x0a8b0000, 0x0a8b0000, 0x0b590000)
 tenured generation   total 264132K, used 264129K [0x189e0000, 0x28bd1000, 0x43490000)
   the space 264132K,  99% used [0x189e0000, 0x28bd07f8, 0x28bd0800, 0x28bd1000)
 compacting perm gen  total 12288K, used 3717K [0x43490000, 0x44090000, 0x47490000)
   the space 12288K,  30% used [0x43490000, 0x43831598, 0x43831600, 0x44090000)
No shared spaces configured.
Event: 40.445 GC heap after
Heap after GC invocations=64 (full 11):
 def new generation   total 125184K, used 13119K [0x03490000, 0x0bc60000, 0x189e0000)
  eden space 111296K,  11% used [0x03490000, 0x0415fe58, 0x0a140000)
  from space 13888K,   0% used [0x0a140000, 0x0a140000, 0x0aed0000)
  to   space 13888K,   0% used [0x0aed0000, 0x0aed0000, 0x0bc60000)
 tenured generation   total 278084K, used 278006K [0x189e0000, 0x29971000, 0x43490000)
   the space 278084K,  99% used [0x189e0000, 0x2995d808, 0x2995da00, 0x29971000)
 compacting perm gen  total 12288K, used 3717K [0x43490000, 0x44090000, 0x47490000)
   the space 12288K,  30% used [0x43490000, 0x43831598, 0x43831600, 0x44090000)
No shared spaces configured.
}
Event: 41.065 GC heap before
{Heap before GC invocations=64 (full 11):
 def new generation   total 125184K, used 111296K [0x03490000, 0x0bc60000, 0x189e0000)
  eden space 111296K, 100% used [0x03490000, 0x0a140000, 0x0a140000)
  from space 13888K,   0% used [0x0a140000, 0x0a140000, 0x0aed0000)
  to   space 13888K,   0% used [0x0aed0000, 0x0aed0000, 0x0bc60000)
 tenured generation   total 278084K, used 278006K [0x189e0000, 0x29971000, 0x43490000)
   the space 278084K,  99% used [0x189e0000, 0x2995d808, 0x2995da00, 0x29971000)
 compacting perm gen  total 12288K, used 3717K [0x43490000, 0x44090000, 0x47490000)
   the space 12288K,  30% used [0x43490000, 0x438315a8, 0x43831600, 0x44090000)
No shared spaces configured.
Event: 46.186 GC heap after
Heap after GC invocations=65 (full 12):
 def new generation   total 131392K, used 10071K [0x03490000, 0x0c320000, 0x189e0000)
  eden space 116800K,   8% used [0x03490000, 0x03e65ef0, 0x0a6a0000)
  from space 14592K,   0% used [0x0a6a0000, 0x0a6a0000, 0x0b4e0000)
  to   space 14592K,   0% used [0x0b4e0000, 0x0b4e0000, 0x0c320000)
 tenured generation   total 291908K, used 291908K [0x189e0000, 0x2a6f1000, 0x43490000)
   the space 291908K, 100% used [0x189e0000, 0x2a6f1000, 0x2a6f1000, 0x2a6f1000)
 compacting perm gen  total 12288K, used 3717K [0x43490000, 0x44090000, 0x47490000)
   the space 12288K,  30% used [0x43490000, 0x43831598, 0x43831600, 0x44090000)
No shared spaces configured.
}
Event: 47.074 GC heap before
{Heap before GC invocations=65 (full 12):
 def new generation   total 131392K, used 116800K [0x03490000, 0x0c320000, 0x189e0000)
  eden space 116800K, 100% used [0x03490000, 0x0a6a0000, 0x0a6a0000)
  from space 14592K,   0% used [0x0a6a0000, 0x0a6a0000, 0x0b4e0000)
  to   space 14592K,   0% used [0x0b4e0000, 0x0b4e0000, 0x0c320000)
 tenured generation   total 291908K, used 291908K [0x189e0000, 0x2a6f1000, 0x43490000)
   the space 291908K, 100% used [0x189e0000, 0x2a6f1000, 0x2a6f1000, 0x2a6f1000)
 compacting perm gen  total 12288K, used 3717K [0x43490000, 0x44090000, 0x47490000)
   the space 12288K,  30% used [0x43490000, 0x43831598, 0x43831600, 0x44090000)
No shared spaces configured.
Event: 49.452 GC heap after
Heap after GC invocations=66 (full 13):
 def new generation   total 136512K, used 14539K [0x03490000, 0x0c8a0000, 0x189e0000)
  eden space 121408K,  11% used [0x03490000, 0x042c2ed0, 0x0ab20000)
  from space 15104K,   0% used [0x0ab20000, 0x0ab20000, 0x0b9e0000)
  to   space 15104K,   0% used [0x0b9e0000, 0x0b9e0000, 0x0c8a0000)
 tenured generation   total 303172K, used 303148K [0x189e0000, 0x2b1f1000, 0x43490000)
   the space 303172K,  99% used [0x189e0000, 0x2b1eb378, 0x2b1eb400, 0x2b1f1000)
 compacting perm gen  total 12288K, used 3717K [0x43490000, 0x44090000, 0x47490000)
   the space 12288K,  30% used [0x43490000, 0x43831598, 0x43831600, 0x44090000)
No shared spaces configured.
}
Event: 50.275 GC heap before
{Heap before GC invocations=66 (full 13):
 def new generation   total 136512K, used 121408K [0x03490000, 0x0c8a0000, 0x189e0000)
  eden space 121408K, 100% used [0x03490000, 0x0ab20000, 0x0ab20000)
  from space 15104K,   0% used [0x0ab20000, 0x0ab20000, 0x0b9e0000)
  to   space 15104K,   0% used [0x0b9e0000, 0x0b9e0000, 0x0c8a0000)
 tenured generation   total 303172K, used 303148K [0x189e0000, 0x2b1f1000, 0x43490000)
   the space 303172K,  99% used [0x189e0000, 0x2b1eb378, 0x2b1eb400, 0x2b1f1000)
 compacting perm gen  total 12288K, used 3717K [0x43490000, 0x44090000, 0x47490000)
   the space 12288K,  30% used [0x43490000, 0x438315a8, 0x43831600, 0x44090000)
No shared spaces configured.
Event: 58.280 GC heap after
Heap after GC invocations=67 (full 14):
 def new generation   total 143552K, used 15046K [0x03490000, 0x0d050000, 0x189e0000)
  eden space 127616K,  11% used [0x03490000, 0x043418f0, 0x0b130000)
  from space 15936K,   0% used [0x0b130000, 0x0b130000, 0x0c0c0000)
  to   space 15936K,   0% used [0x0c0c0000, 0x0c0c0000, 0x0d050000)
 tenured generation   total 318916K, used 318863K [0x189e0000, 0x2c151000, 0x43490000)
   the space 318916K,  99% used [0x189e0000, 0x2c143d58, 0x2c143e00, 0x2c151000)
 compacting perm gen  total 12288K, used 3717K [0x43490000, 0x44090000, 0x47490000)
   the space 12288K,  30% used [0x43490000, 0x438315a8, 0x43831600, 0x44090000)
No shared spaces configured.
}
Event: 64.545 GC heap before
{Heap before GC invocations=67 (full 14):
 def new generation   total 143552K, used 127616K [0x03490000, 0x0d050000, 0x189e0000)
  eden space 127616K, 100% used [0x03490000, 0x0b130000, 0x0b130000)
  from space 15936K,   0% used [0x0b130000, 0x0b130000, 0x0c0c0000)
  to   space 15936K,   0% used [0x0c0c0000, 0x0c0c0000, 0x0d050000)
 tenured generation   total 318916K, used 318863K [0x189e0000, 0x2c151000, 0x43490000)
   the space 318916K,  99% used [0x189e0000, 0x2c143d58, 0x2c143e00, 0x2c151000)
 compacting perm gen  total 12288K, used 3816K [0x43490000, 0x44090000, 0x47490000)
   the space 12288K,  31% used [0x43490000, 0x4384a1a8, 0x4384a200, 0x44090000)
No shared spaces configured.

