# JRE version: 7.0_25-b17
# Java VM: Java HotSpot(TM) Client VM (23.25-b01 mixed mode windows-x86 )
Heap
 def new generation   total 9088K, used 9088K [0x034f0000, 0x03ec0000, 0x18a40000)
  eden space 8128K, 100% used [0x034f0000, 0x03ce0000, 0x03ce0000)
  from space 960K, 100% used [0x03dd0000, 0x03ec0000, 0x03ec0000)
  to   space 960K,   0% used [0x03ce0000, 0x03ce0000, 0x03dd0000)
 tenured generation   total 20304K, used 20285K [0x18a40000, 0x19e14000, 0x434f0000)
   the space 20304K,  99% used [0x18a40000, 0x19e0f560, 0x19e0f600, 0x19e14000)
 compacting perm gen  total 12288K, used 3333K [0x434f0000, 0x440f0000, 0x474f0000)
   the space 12288K,  27% used [0x434f0000, 0x438317d0, 0x43831800, 0x440f0000)
GC Heap History (10 events):
Event: 6.893 GC heap after
Heap after GC invocations=10 (full 1):
 def new generation   total 8384K, used 354K [0x034f0000, 0x03e00000, 0x18a40000)
  eden space 7488K,   4% used [0x034f0000, 0x03548b80, 0x03c40000)
  from space 896K,   0% used [0x03c40000, 0x03c40000, 0x03d20000)
  to   space 896K,   0% used [0x03d20000, 0x03d20000, 0x03e00000)
 tenured generation   total 18456K, used 11071K [0x18a40000, 0x19c46000, 0x434f0000)
   the space 18456K,  59% used [0x18a40000, 0x1950fff8, 0x19510000, 0x19c46000)
 compacting perm gen  total 12288K, used 3325K [0x434f0000, 0x440f0000, 0x474f0000)
   the space 12288K,  27% used [0x434f0000, 0x4382f7e8, 0x4382f800, 0x440f0000)
No shared spaces configured.
}
Event: 6.914 GC heap before
{Heap before GC invocations=10 (full 1):
 def new generation   total 8384K, used 7488K [0x034f0000, 0x03e00000, 0x18a40000)
  eden space 7488K, 100% used [0x034f0000, 0x03c40000, 0x03c40000)
  from space 896K,   0% used [0x03c40000, 0x03c40000, 0x03d20000)
  to   space 896K,   0% used [0x03d20000, 0x03d20000, 0x03e00000)
 tenured generation   total 18456K, used 11071K [0x18a40000, 0x19c46000, 0x434f0000)
   the space 18456K,  59% used [0x18a40000, 0x1950fff8, 0x19510000, 0x19c46000)
 compacting perm gen  total 12288K, used 3325K [0x434f0000, 0x440f0000, 0x474f0000)
   the space 12288K,  27% used [0x434f0000, 0x4382f7e8, 0x4382f800, 0x440f0000)
No shared spaces configured.
Event: 6.944 GC heap after
Heap after GC invocations=11 (full 1):
 def new generation   total 8384K, used 896K [0x034f0000, 0x03e00000, 0x18a40000)
  eden space 7488K,   0% used [0x034f0000, 0x034f0000, 0x03c40000)
  from space 896K, 100% used [0x03d20000, 0x03e00000, 0x03e00000)
  to   space 896K,   0% used [0x03c40000, 0x03c40000, 0x03d20000)
 tenured generation   total 18456K, used 14939K [0x18a40000, 0x19c46000, 0x434f0000)
   the space 18456K,  80% used [0x18a40000, 0x198d6ca8, 0x198d6e00, 0x19c46000)
 compacting perm gen  total 12288K, used 3325K [0x434f0000, 0x440f0000, 0x474f0000)
   the space 12288K,  27% used [0x434f0000, 0x4382f7e8, 0x4382f800, 0x440f0000)
No shared spaces configured.
}
Event: 6.965 GC heap before
{Heap before GC invocations=11 (full 1):
 def new generation   total 8384K, used 8384K [0x034f0000, 0x03e00000, 0x18a40000)
  eden space 7488K, 100% used [0x034f0000, 0x03c40000, 0x03c40000)
  from space 896K, 100% used [0x03d20000, 0x03e00000, 0x03e00000)
  to   space 896K,   0% used [0x03c40000, 0x03c40000, 0x03d20000)
 tenured generation   total 18456K, used 14939K [0x18a40000, 0x19c46000, 0x434f0000)
   the space 18456K,  80% used [0x18a40000, 0x198d6ca8, 0x198d6e00, 0x19c46000)
 compacting perm gen  total 12288K, used 3328K [0x434f0000, 0x440f0000, 0x474f0000)
   the space 12288K,  27% used [0x434f0000, 0x43830308, 0x43830400, 0x440f0000)
No shared spaces configured.
Event: 7.074 GC heap after
Heap after GC invocations=12 (full 2):
 def new generation   total 8768K, used 0K [0x034f0000, 0x03e70000, 0x18a40000)
  eden space 7808K,   0% used [0x034f0000, 0x034f0000, 0x03c90000)
  from space 960K,   0% used [0x03c90000, 0x03c90000, 0x03d80000)
  to   space 960K,   0% used [0x03d80000, 0x03d80000, 0x03e70000)
 tenured generation   total 19352K, used 18689K [0x18a40000, 0x19d26000, 0x434f0000)
   the space 19352K,  96% used [0x18a40000, 0x19c807d0, 0x19c80800, 0x19d26000)
 compacting perm gen  total 12288K, used 3328K [0x434f0000, 0x440f0000, 0x474f0000)
   the space 12288K,  27% used [0x434f0000, 0x43830308, 0x43830400, 0x440f0000)
No shared spaces configured.
}
Event: 7.130 GC heap before
{Heap before GC invocations=12 (full 2):
 def new generation   total 8768K, used 7808K [0x034f0000, 0x03e70000, 0x18a40000)
  eden space 7808K, 100% used [0x034f0000, 0x03c90000, 0x03c90000)
  from space 960K,   0% used [0x03c90000, 0x03c90000, 0x03d80000)
  to   space 960K,   0% used [0x03d80000, 0x03d80000, 0x03e70000)
 tenured generation   total 19352K, used 18689K [0x18a40000, 0x19d26000, 0x434f0000)
   the space 19352K,  96% used [0x18a40000, 0x19c807d0, 0x19c80800, 0x19d26000)
 compacting perm gen  total 12288K, used 3333K [0x434f0000, 0x440f0000, 0x474f0000)
   the space 12288K,  27% used [0x434f0000, 0x438317c0, 0x43831800, 0x440f0000)
No shared spaces configured.
Event: 7.142 GC heap after
Heap after GC invocations=13 (full 2):
 def new generation   total 8768K, used 959K [0x034f0000, 0x03e70000, 0x18a40000)
  eden space 7808K,   0% used [0x034f0000, 0x034f0000, 0x03c90000)
  from space 960K,  99% used [0x03d80000, 0x03e6fff8, 0x03e70000)
  to   space 960K,   0% used [0x03c90000, 0x03c90000, 0x03d80000)
 tenured generation   total 19352K, used 19116K [0x18a40000, 0x19d26000, 0x434f0000)
   the space 19352K,  98% used [0x18a40000, 0x19ceb2f0, 0x19ceb400, 0x19d26000)
 compacting perm gen  total 12288K, used 3333K [0x434f0000, 0x440f0000, 0x474f0000)
   the space 12288K,  27% used [0x434f0000, 0x438317c0, 0x43831800, 0x440f0000)
No shared spaces configured.
}
Event: 7.231 GC heap before
{Heap before GC invocations=13 (full 2):
 def new generation   total 8768K, used 8767K [0x034f0000, 0x03e70000, 0x18a40000)
  eden space 7808K, 100% used [0x034f0000, 0x03c90000, 0x03c90000)
  from space 960K,  99% used [0x03d80000, 0x03e6fff8, 0x03e70000)
  to   space 960K,   0% used [0x03c90000, 0x03c90000, 0x03d80000)
 tenured generation   total 19352K, used 19116K [0x18a40000, 0x19d26000, 0x434f0000)
   the space 19352K,  98% used [0x18a40000, 0x19ceb2f0, 0x19ceb400, 0x19d26000)
 compacting perm gen  total 12288K, used 3333K [0x434f0000, 0x440f0000, 0x474f0000)
   the space 12288K,  27% used [0x434f0000, 0x438317c0, 0x43831800, 0x440f0000)
No shared spaces configured.
Event: 7.525 GC heap after
Heap after GC invocations=14 (full 3):
 def new generation   total 9088K, used 1137K [0x034f0000, 0x03ec0000, 0x18a40000)
  eden space 8128K,  13% used [0x034f0000, 0x0360c5b0, 0x03ce0000)
  from space 960K,   0% used [0x03ce0000, 0x03ce0000, 0x03dd0000)
  to   space 960K,   0% used [0x03dd0000, 0x03dd0000, 0x03ec0000)
 tenured generation   total 19992K, used 19991K [0x18a40000, 0x19dc6000, 0x434f0000)
   the space 19992K,  99% used [0x18a40000, 0x19dc5f28, 0x19dc6000, 0x19dc6000)
 compacting perm gen  total 12288K, used 3333K [0x434f0000, 0x440f0000, 0x474f0000)
   the space 12288K,  27% used [0x434f0000, 0x438317c0, 0x43831800, 0x440f0000)
No shared spaces configured.
}
Event: 7.567 GC heap before
{Heap before GC invocations=14 (full 3):
 def new generation   total 9088K, used 8128K [0x034f0000, 0x03ec0000, 0x18a40000)
  eden space 8128K, 100% used [0x034f0000, 0x03ce0000, 0x03ce0000)
  from space 960K,   0% used [0x03ce0000, 0x03ce0000, 0x03dd0000)
  to   space 960K,   0% used [0x03dd0000, 0x03dd0000, 0x03ec0000)
 tenured generation   total 19992K, used 19991K [0x18a40000, 0x19dc6000, 0x434f0000)
   the space 19992K,  99% used [0x18a40000, 0x19dc5f28, 0x19dc6000, 0x19dc6000)
 compacting perm gen  total 12288K, used 3333K [0x434f0000, 0x440f0000, 0x474f0000)
   the space 12288K,  27% used [0x434f0000, 0x438317d0, 0x43831800, 0x440f0000)
No shared spaces configured.

