# JRE version: 7.0_25-b17
# Java VM: Java HotSpot(TM) Client VM (23.25-b01 mixed mode windows-x86 )
Heap
 def new generation   total 22784K, used 22784K [0x03440000, 0x04cf0000, 0x18990000)
  eden space 20288K, 100% used [0x03440000, 0x04810000, 0x04810000)
  from space 2496K, 100% used [0x04a80000, 0x04cf0000, 0x04cf0000)
  to   space 2496K,  99% used [0x04810000, 0x04a7fff8, 0x04a80000)
 tenured generation   total 67096K, used 66980K [0x18990000, 0x1cb16000, 0x43440000)
   the space 67096K,  99% used [0x18990000, 0x1caf9240, 0x1caf9400, 0x1cb16000)
 compacting perm gen  total 12288K, used 3353K [0x43440000, 0x44040000, 0x47440000)
   the space 12288K,  27% used [0x43440000, 0x43786420, 0x43786600, 0x44040000)
GC Heap History (10 events):
Event: 3.725 GC heap after
Heap after GC invocations=20 (full 3):
 def new generation   total 22784K, used 2496K [0x03440000, 0x04cf0000, 0x18990000)
  eden space 20288K,   0% used [0x03440000, 0x03440000, 0x04810000)
  from space 2496K, 100% used [0x04810000, 0x04a80000, 0x04a80000)
  to   space 2496K,   0% used [0x04a80000, 0x04a80000, 0x04cf0000)
 tenured generation   total 50488K, used 46701K [0x18990000, 0x1bade000, 0x43440000)
   the space 50488K,  92% used [0x18990000, 0x1b72b560, 0x1b72b600, 0x1bade000)
 compacting perm gen  total 12288K, used 3356K [0x43440000, 0x44040000, 0x47440000)
   the space 12288K,  27% used [0x43440000, 0x43787278, 0x43787400, 0x44040000)
No shared spaces configured.
}
Event: 3.860 GC heap before
{Heap before GC invocations=20 (full 3):
 def new generation   total 22784K, used 22784K [0x03440000, 0x04cf0000, 0x18990000)
  eden space 20288K, 100% used [0x03440000, 0x04810000, 0x04810000)
  from space 2496K, 100% used [0x04810000, 0x04a80000, 0x04a80000)
  to   space 2496K,   0% used [0x04a80000, 0x04a80000, 0x04cf0000)
 tenured generation   total 50488K, used 46701K [0x18990000, 0x1bade000, 0x43440000)
   the space 50488K,  92% used [0x18990000, 0x1b72b560, 0x1b72b600, 0x1bade000)
 compacting perm gen  total 12288K, used 3356K [0x43440000, 0x44040000, 0x47440000)
   the space 12288K,  27% used [0x43440000, 0x43787278, 0x43787400, 0x44040000)
No shared spaces configured.
Event: 4.082 GC heap after
Heap after GC invocations=21 (full 4):
 def new generation   total 22784K, used 0K [0x03440000, 0x04cf0000, 0x18990000)
  eden space 20288K,   0% used [0x03440000, 0x03440000, 0x04810000)
  from space 2496K,   0% used [0x04a80000, 0x04a80000, 0x04cf0000)
  to   space 2496K,   0% used [0x04810000, 0x04810000, 0x04a80000)
 tenured generation   total 60864K, used 36517K [0x18990000, 0x1c500000, 0x43440000)
   the space 60864K,  59% used [0x18990000, 0x1ad397a0, 0x1ad39800, 0x1c500000)
 compacting perm gen  total 12288K, used 3353K [0x43440000, 0x44040000, 0x47440000)
   the space 12288K,  27% used [0x43440000, 0x43786420, 0x43786600, 0x44040000)
No shared spaces configured.
}
Event: 4.178 GC heap before
{Heap before GC invocations=21 (full 4):
 def new generation   total 22784K, used 20288K [0x03440000, 0x04cf0000, 0x18990000)
  eden space 20288K, 100% used [0x03440000, 0x04810000, 0x04810000)
  from space 2496K,   0% used [0x04a80000, 0x04a80000, 0x04cf0000)
  to   space 2496K,   0% used [0x04810000, 0x04810000, 0x04a80000)
 tenured generation   total 60864K, used 36517K [0x18990000, 0x1c500000, 0x43440000)
   the space 60864K,  59% used [0x18990000, 0x1ad397a0, 0x1ad39800, 0x1c500000)
 compacting perm gen  total 12288K, used 3353K [0x43440000, 0x44040000, 0x47440000)
   the space 12288K,  27% used [0x43440000, 0x43786420, 0x43786600, 0x44040000)
No shared spaces configured.
Event: 4.210 GC heap after
Heap after GC invocations=22 (full 4):
 def new generation   total 22784K, used 2496K [0x03440000, 0x04cf0000, 0x18990000)
  eden space 20288K,   0% used [0x03440000, 0x03440000, 0x04810000)
  from space 2496K, 100% used [0x04810000, 0x04a80000, 0x04a80000)
  to   space 2496K,   0% used [0x04a80000, 0x04a80000, 0x04cf0000)
 tenured generation   total 60864K, used 45416K [0x18990000, 0x1c500000, 0x43440000)
   the space 60864K,  74% used [0x18990000, 0x1b5ea370, 0x1b5ea400, 0x1c500000)
 compacting perm gen  total 12288K, used 3353K [0x43440000, 0x44040000, 0x47440000)
   the space 12288K,  27% used [0x43440000, 0x43786420, 0x43786600, 0x44040000)
No shared spaces configured.
}
Event: 4.312 GC heap before
{Heap before GC invocations=22 (full 4):
 def new generation   total 22784K, used 22784K [0x03440000, 0x04cf0000, 0x18990000)
  eden space 20288K, 100% used [0x03440000, 0x04810000, 0x04810000)
  from space 2496K, 100% used [0x04810000, 0x04a80000, 0x04a80000)
  to   space 2496K,   0% used [0x04a80000, 0x04a80000, 0x04cf0000)
 tenured generation   total 60864K, used 45416K [0x18990000, 0x1c500000, 0x43440000)
   the space 60864K,  74% used [0x18990000, 0x1b5ea370, 0x1b5ea400, 0x1c500000)
 compacting perm gen  total 12288K, used 3353K [0x43440000, 0x44040000, 0x47440000)
   the space 12288K,  27% used [0x43440000, 0x43786420, 0x43786600, 0x44040000)
No shared spaces configured.
Event: 4.339 GC heap after
Heap after GC invocations=23 (full 4):
 def new generation   total 22784K, used 2495K [0x03440000, 0x04cf0000, 0x18990000)
  eden space 20288K,   0% used [0x03440000, 0x03440000, 0x04810000)
  from space 2496K,  99% used [0x04a80000, 0x04cefff8, 0x04cf0000)
  to   space 2496K,   0% used [0x04810000, 0x04810000, 0x04a80000)
 tenured generation   total 60864K, used 52823K [0x18990000, 0x1c500000, 0x43440000)
   the space 60864K,  86% used [0x18990000, 0x1bd25c58, 0x1bd25e00, 0x1c500000)
 compacting perm gen  total 12288K, used 3353K [0x43440000, 0x44040000, 0x47440000)
   the space 12288K,  27% used [0x43440000, 0x43786420, 0x43786600, 0x44040000)
No shared spaces configured.
}
Event: 4.457 GC heap before
{Heap before GC invocations=23 (full 4):
 def new generation   total 22784K, used 22783K [0x03440000, 0x04cf0000, 0x18990000)
  eden space 20288K, 100% used [0x03440000, 0x04810000, 0x04810000)
  from space 2496K,  99% used [0x04a80000, 0x04cefff8, 0x04cf0000)
  to   space 2496K,   0% used [0x04810000, 0x04810000, 0x04a80000)
 tenured generation   total 60864K, used 52823K [0x18990000, 0x1c500000, 0x43440000)
   the space 60864K,  86% used [0x18990000, 0x1bd25c58, 0x1bd25e00, 0x1c500000)
 compacting perm gen  total 12288K, used 3353K [0x43440000, 0x44040000, 0x47440000)
   the space 12288K,  27% used [0x43440000, 0x43786420, 0x43786600, 0x44040000)
No shared spaces configured.
Event: 4.495 GC heap after
Heap after GC invocations=24 (full 4):
 def new generation   total 22784K, used 2495K [0x03440000, 0x04cf0000, 0x18990000)
  eden space 20288K,   0% used [0x03440000, 0x03440000, 0x04810000)
  from space 2496K,  99% used [0x04810000, 0x04a7fff8, 0x04a80000)
  to   space 2496K,   0% used [0x04a80000, 0x04a80000, 0x04cf0000)
 tenured generation   total 60864K, used 60539K [0x18990000, 0x1c500000, 0x43440000)
   the space 60864K,  99% used [0x18990000, 0x1c4aef10, 0x1c4af000, 0x1c500000)
 compacting perm gen  total 12288K, used 3353K [0x43440000, 0x44040000, 0x47440000)
   the space 12288K,  27% used [0x43440000, 0x43786420, 0x43786600, 0x44040000)
No shared spaces configured.
}
Event: 4.591 GC heap before
{Heap before GC invocations=24 (full 4):
 def new generation   total 22784K, used 22783K [0x03440000, 0x04cf0000, 0x18990000)
  eden space 20288K, 100% used [0x03440000, 0x04810000, 0x04810000)
  from space 2496K,  99% used [0x04810000, 0x04a7fff8, 0x04a80000)
  to   space 2496K,   0% used [0x04a80000, 0x04a80000, 0x04cf0000)
 tenured generation   total 60864K, used 60539K [0x18990000, 0x1c500000, 0x43440000)
   the space 60864K,  99% used [0x18990000, 0x1c4aef10, 0x1c4af000, 0x1c500000)
 compacting perm gen  total 12288K, used 3353K [0x43440000, 0x44040000, 0x47440000)
   the space 12288K,  27% used [0x43440000, 0x43786420, 0x43786600, 0x44040000)
No shared spaces configured.

