# JRE version: 7.0_25-b17
# Java VM: Java HotSpot(TM) Client VM (23.25-b01 mixed mode windows-x86 )
Heap
 def new generation   total 13824K, used 13824K [0x038e0000, 0x047d0000, 0x18e30000)
  eden space 12352K, 100% used [0x038e0000, 0x044f0000, 0x044f0000)
  from space 1472K, 100% used [0x04660000, 0x047d0000, 0x047d0000)
  to   space 1472K, 100% used [0x044f0000, 0x04660000, 0x04660000)
 tenured generation   total 34212K, used 34212K [0x18e30000, 0x1af99000, 0x438e0000)
   the space 34212K, 100% used [0x18e30000, 0x1af99000, 0x1af99000, 0x1af99000)
 compacting perm gen  total 12288K, used 3356K [0x438e0000, 0x444e0000, 0x478e0000)
   the space 12288K,  27% used [0x438e0000, 0x43c27268, 0x43c27400, 0x444e0000)
GC Heap History (10 events):
Event: 9.629 GC heap after
Heap after GC invocations=13 (full 2):
 def new generation   total 13824K, used 0K [0x038e0000, 0x047d0000, 0x18e30000)
  eden space 12352K,   0% used [0x038e0000, 0x038e0000, 0x044f0000)
  from space 1472K,   0% used [0x044f0000, 0x044f0000, 0x04660000)
  to   space 1472K,   0% used [0x04660000, 0x04660000, 0x047d0000)
 tenured generation   total 30496K, used 18295K [0x18e30000, 0x1abf8000, 0x438e0000)
   the space 30496K,  59% used [0x18e30000, 0x1a00de50, 0x1a00e000, 0x1abf8000)
 compacting perm gen  total 12288K, used 3334K [0x438e0000, 0x444e0000, 0x478e0000)
   the space 12288K,  27% used [0x438e0000, 0x43c21b78, 0x43c21c00, 0x444e0000)
No shared spaces configured.
}
Event: 9.717 GC heap before
{Heap before GC invocations=13 (full 2):
 def new generation   total 13824K, used 12352K [0x038e0000, 0x047d0000, 0x18e30000)
  eden space 12352K, 100% used [0x038e0000, 0x044f0000, 0x044f0000)
  from space 1472K,   0% used [0x044f0000, 0x044f0000, 0x04660000)
  to   space 1472K,   0% used [0x04660000, 0x04660000, 0x047d0000)
 tenured generation   total 30496K, used 18295K [0x18e30000, 0x1abf8000, 0x438e0000)
   the space 30496K,  59% used [0x18e30000, 0x1a00de50, 0x1a00e000, 0x1abf8000)
 compacting perm gen  total 12288K, used 3339K [0x438e0000, 0x444e0000, 0x478e0000)
   the space 12288K,  27% used [0x438e0000, 0x43c22ec0, 0x43c23000, 0x444e0000)
No shared spaces configured.
Event: 9.732 GC heap after
Heap after GC invocations=14 (full 2):
 def new generation   total 13824K, used 1472K [0x038e0000, 0x047d0000, 0x18e30000)
  eden space 12352K,   0% used [0x038e0000, 0x038e0000, 0x044f0000)
  from space 1472K, 100% used [0x04660000, 0x047d0000, 0x047d0000)
  to   space 1472K,   0% used [0x044f0000, 0x044f0000, 0x04660000)
 tenured generation   total 30496K, used 19295K [0x18e30000, 0x1abf8000, 0x438e0000)
   the space 30496K,  63% used [0x18e30000, 0x1a107cd0, 0x1a107e00, 0x1abf8000)
 compacting perm gen  total 12288K, used 3339K [0x438e0000, 0x444e0000, 0x478e0000)
   the space 12288K,  27% used [0x438e0000, 0x43c22ec0, 0x43c23000, 0x444e0000)
No shared spaces configured.
}
Event: 9.827 GC heap before
{Heap before GC invocations=14 (full 2):
 def new generation   total 13824K, used 13824K [0x038e0000, 0x047d0000, 0x18e30000)
  eden space 12352K, 100% used [0x038e0000, 0x044f0000, 0x044f0000)
  from space 1472K, 100% used [0x04660000, 0x047d0000, 0x047d0000)
  to   space 1472K,   0% used [0x044f0000, 0x044f0000, 0x04660000)
 tenured generation   total 30496K, used 19295K [0x18e30000, 0x1abf8000, 0x438e0000)
   the space 30496K,  63% used [0x18e30000, 0x1a107cd0, 0x1a107e00, 0x1abf8000)
 compacting perm gen  total 12288K, used 3339K [0x438e0000, 0x444e0000, 0x478e0000)
   the space 12288K,  27% used [0x438e0000, 0x43c22ed0, 0x43c23000, 0x444e0000)
No shared spaces configured.
Event: 9.851 GC heap after
Heap after GC invocations=15 (full 2):
 def new generation   total 13824K, used 1472K [0x038e0000, 0x047d0000, 0x18e30000)
  eden space 12352K,   0% used [0x038e0000, 0x038e0000, 0x044f0000)
  from space 1472K, 100% used [0x044f0000, 0x04660000, 0x04660000)
  to   space 1472K,   0% used [0x04660000, 0x04660000, 0x047d0000)
 tenured generation   total 30496K, used 23929K [0x18e30000, 0x1abf8000, 0x438e0000)
   the space 30496K,  78% used [0x18e30000, 0x1a58e538, 0x1a58e600, 0x1abf8000)
 compacting perm gen  total 12288K, used 3339K [0x438e0000, 0x444e0000, 0x478e0000)
   the space 12288K,  27% used [0x438e0000, 0x43c22ed0, 0x43c23000, 0x444e0000)
No shared spaces configured.
}
Event: 9.955 GC heap before
{Heap before GC invocations=15 (full 2):
 def new generation   total 13824K, used 13788K [0x038e0000, 0x047d0000, 0x18e30000)
  eden space 12352K,  99% used [0x038e0000, 0x044e7388, 0x044f0000)
  from space 1472K, 100% used [0x044f0000, 0x04660000, 0x04660000)
  to   space 1472K,   0% used [0x04660000, 0x04660000, 0x047d0000)
 tenured generation   total 30496K, used 23929K [0x18e30000, 0x1abf8000, 0x438e0000)
   the space 30496K,  78% used [0x18e30000, 0x1a58e538, 0x1a58e600, 0x1abf8000)
 compacting perm gen  total 12288K, used 3339K [0x438e0000, 0x444e0000, 0x478e0000)
   the space 12288K,  27% used [0x438e0000, 0x43c22ed0, 0x43c23000, 0x444e0000)
No shared spaces configured.
Event: 9.977 GC heap after
Heap after GC invocations=16 (full 2):
 def new generation   total 13824K, used 1472K [0x038e0000, 0x047d0000, 0x18e30000)
  eden space 12352K,   0% used [0x038e0000, 0x038e0000, 0x044f0000)
  from space 1472K, 100% used [0x04660000, 0x047d0000, 0x047d0000)
  to   space 1472K,   0% used [0x044f0000, 0x044f0000, 0x04660000)
 tenured generation   total 30496K, used 27667K [0x18e30000, 0x1abf8000, 0x438e0000)
   the space 30496K,  90% used [0x18e30000, 0x1a934ff8, 0x1a935000, 0x1abf8000)
 compacting perm gen  total 12288K, used 3339K [0x438e0000, 0x444e0000, 0x478e0000)
   the space 12288K,  27% used [0x438e0000, 0x43c22ed0, 0x43c23000, 0x444e0000)
No shared spaces configured.
}
Event: 10.558 GC heap before
{Heap before GC invocations=16 (full 2):
 def new generation   total 13824K, used 13824K [0x038e0000, 0x047d0000, 0x18e30000)
  eden space 12352K, 100% used [0x038e0000, 0x044f0000, 0x044f0000)
  from space 1472K, 100% used [0x04660000, 0x047d0000, 0x047d0000)
  to   space 1472K,   0% used [0x044f0000, 0x044f0000, 0x04660000)
 tenured generation   total 30496K, used 27667K [0x18e30000, 0x1abf8000, 0x438e0000)
   the space 30496K,  90% used [0x18e30000, 0x1a934ff8, 0x1a935000, 0x1abf8000)
 compacting perm gen  total 12288K, used 3356K [0x438e0000, 0x444e0000, 0x478e0000)
   the space 12288K,  27% used [0x438e0000, 0x43c27268, 0x43c27400, 0x444e0000)
No shared spaces configured.
Event: 10.576 GC heap after
Heap after GC invocations=17 (full 2):
 def new generation   total 13824K, used 1472K [0x038e0000, 0x047d0000, 0x18e30000)
  eden space 12352K,   0% used [0x038e0000, 0x038e0000, 0x044f0000)
  from space 1472K, 100% used [0x044f0000, 0x04660000, 0x04660000)
  to   space 1472K,   0% used [0x04660000, 0x04660000, 0x047d0000)
 tenured generation   total 30496K, used 30241K [0x18e30000, 0x1abf8000, 0x438e0000)
   the space 30496K,  99% used [0x18e30000, 0x1abb84e0, 0x1abb8600, 0x1abf8000)
 compacting perm gen  total 12288K, used 3356K [0x438e0000, 0x444e0000, 0x478e0000)
   the space 12288K,  27% used [0x438e0000, 0x43c27268, 0x43c27400, 0x444e0000)
No shared spaces configured.
}
Event: 10.765 GC heap before
{Heap before GC invocations=17 (full 2):
 def new generation   total 13824K, used 13824K [0x038e0000, 0x047d0000, 0x18e30000)
  eden space 12352K, 100% used [0x038e0000, 0x044f0000, 0x044f0000)
  from space 1472K, 100% used [0x044f0000, 0x04660000, 0x04660000)
  to   space 1472K,   0% used [0x04660000, 0x04660000, 0x047d0000)
 tenured generation   total 30496K, used 30241K [0x18e30000, 0x1abf8000, 0x438e0000)
   the space 30496K,  99% used [0x18e30000, 0x1abb84e0, 0x1abb8600, 0x1abf8000)
 compacting perm gen  total 12288K, used 3356K [0x438e0000, 0x444e0000, 0x478e0000)
   the space 12288K,  27% used [0x438e0000, 0x43c27268, 0x43c27400, 0x444e0000)
No shared spaces configured.

