# JRE version: 7.0_25-b17
# Java VM: Java HotSpot(TM) Client VM (23.25-b01 mixed mode windows-x86 )
Heap
 def new generation   total 13248K, used 1408K [0x03560000, 0x043b0000, 0x18ab0000)
  eden space 11840K,   0% used [0x03560000, 0x03560000, 0x040f0000)
  from space 1408K, 100% used [0x04250000, 0x043b0000, 0x043b0000)
  to   space 1408K,   0% used [0x040f0000, 0x040f0000, 0x04250000)
 tenured generation   total 52104K, used 52079K [0x18ab0000, 0x1bd92000, 0x43560000)
   the space 52104K,  99% used [0x18ab0000, 0x1bd8bd58, 0x1bd8be00, 0x1bd92000)
 compacting perm gen  total 12288K, used 3643K [0x43560000, 0x44160000, 0x47560000)
   the space 12288K,  29% used [0x43560000, 0x438eef38, 0x438ef000, 0x44160000)
GC Heap History (10 events):
Event: 4.881 GC heap after
Heap after GC invocations=41 (full 3):
 def new generation   total 13248K, used 1407K [0x03560000, 0x043b0000, 0x18ab0000)
  eden space 11840K,   0% used [0x03560000, 0x03560000, 0x040f0000)
  from space 1408K,  99% used [0x040f0000, 0x0424ffd0, 0x04250000)
  to   space 1408K,   0% used [0x04250000, 0x04250000, 0x043b0000)
 tenured generation   total 49032K, used 45914K [0x18ab0000, 0x1ba92000, 0x43560000)
   the space 49032K,  93% used [0x18ab0000, 0x1b786a20, 0x1b786c00, 0x1ba92000)
 compacting perm gen  total 12288K, used 3648K [0x43560000, 0x44160000, 0x47560000)
   the space 12288K,  29% used [0x43560000, 0x438f0038, 0x438f0200, 0x44160000)
No shared spaces configured.
}
Event: 4.963 GC heap before
{Heap before GC invocations=41 (full 3):
 def new generation   total 13248K, used 13247K [0x03560000, 0x043b0000, 0x18ab0000)
  eden space 11840K, 100% used [0x03560000, 0x040f0000, 0x040f0000)
  from space 1408K,  99% used [0x040f0000, 0x0424ffd0, 0x04250000)
  to   space 1408K,   0% used [0x04250000, 0x04250000, 0x043b0000)
 tenured generation   total 49032K, used 45914K [0x18ab0000, 0x1ba92000, 0x43560000)
   the space 49032K,  93% used [0x18ab0000, 0x1b786a20, 0x1b786c00, 0x1ba92000)
 compacting perm gen  total 12288K, used 3648K [0x43560000, 0x44160000, 0x47560000)
   the space 12288K,  29% used [0x43560000, 0x438f0038, 0x438f0200, 0x44160000)
No shared spaces configured.
Event: 4.977 GC heap after
Heap after GC invocations=42 (full 3):
 def new generation   total 13248K, used 1408K [0x03560000, 0x043b0000, 0x18ab0000)
  eden space 11840K,   0% used [0x03560000, 0x03560000, 0x040f0000)
  from space 1408K, 100% used [0x04250000, 0x043b0000, 0x043b0000)
  to   space 1408K,   0% used [0x040f0000, 0x040f0000, 0x04250000)
 tenured generation   total 49032K, used 47724K [0x18ab0000, 0x1ba92000, 0x43560000)
   the space 49032K,  97% used [0x18ab0000, 0x1b94b030, 0x1b94b200, 0x1ba92000)
 compacting perm gen  total 12288K, used 3648K [0x43560000, 0x44160000, 0x47560000)
   the space 12288K,  29% used [0x43560000, 0x438f0038, 0x438f0200, 0x44160000)
No shared spaces configured.
}
Event: 5.055 GC heap before
{Heap before GC invocations=42 (full 3):
 def new generation   total 13248K, used 13248K [0x03560000, 0x043b0000, 0x18ab0000)
  eden space 11840K, 100% used [0x03560000, 0x040f0000, 0x040f0000)
  from space 1408K, 100% used [0x04250000, 0x043b0000, 0x043b0000)
  to   space 1408K,   0% used [0x040f0000, 0x040f0000, 0x04250000)
 tenured generation   total 49032K, used 47724K [0x18ab0000, 0x1ba92000, 0x43560000)
   the space 49032K,  97% used [0x18ab0000, 0x1b94b030, 0x1b94b200, 0x1ba92000)
 compacting perm gen  total 12288K, used 3648K [0x43560000, 0x44160000, 0x47560000)
   the space 12288K,  29% used [0x43560000, 0x438f0048, 0x438f0200, 0x44160000)
No shared spaces configured.
Event: 5.414 GC heap after
Heap after GC invocations=43 (full 4):
 def new generation   total 13248K, used 0K [0x03560000, 0x043b0000, 0x18ab0000)
  eden space 11840K,   0% used [0x03560000, 0x03560000, 0x040f0000)
  from space 1408K,   0% used [0x040f0000, 0x040f0000, 0x04250000)
  to   space 1408K,   0% used [0x04250000, 0x04250000, 0x043b0000)
 tenured generation   total 49416K, used 48607K [0x18ab0000, 0x1baf2000, 0x43560000)
   the space 49416K,  98% used [0x18ab0000, 0x1ba27eb8, 0x1ba28000, 0x1baf2000)
 compacting perm gen  total 12288K, used 3643K [0x43560000, 0x44160000, 0x47560000)
   the space 12288K,  29% used [0x43560000, 0x438eee78, 0x438ef000, 0x44160000)
No shared spaces configured.
}
Event: 5.508 GC heap before
{Heap before GC invocations=43 (full 4):
 def new generation   total 13248K, used 11840K [0x03560000, 0x043b0000, 0x18ab0000)
  eden space 11840K, 100% used [0x03560000, 0x040f0000, 0x040f0000)
  from space 1408K,   0% used [0x040f0000, 0x040f0000, 0x04250000)
  to   space 1408K,   0% used [0x04250000, 0x04250000, 0x043b0000)
 tenured generation   total 49416K, used 48607K [0x18ab0000, 0x1baf2000, 0x43560000)
   the space 49416K,  98% used [0x18ab0000, 0x1ba27eb8, 0x1ba28000, 0x1baf2000)
 compacting perm gen  total 12288K, used 3643K [0x43560000, 0x44160000, 0x47560000)
   the space 12288K,  29% used [0x43560000, 0x438eee78, 0x438ef000, 0x44160000)
No shared spaces configured.
Event: 5.516 GC heap after
Heap after GC invocations=44 (full 4):
 def new generation   total 13248K, used 1407K [0x03560000, 0x043b0000, 0x18ab0000)
  eden space 11840K,   0% used [0x03560000, 0x03560000, 0x040f0000)
  from space 1408K,  99% used [0x04250000, 0x043afff8, 0x043b0000)
  to   space 1408K,   0% used [0x040f0000, 0x040f0000, 0x04250000)
 tenured generation   total 49416K, used 48813K [0x18ab0000, 0x1baf2000, 0x43560000)
   the space 49416K,  98% used [0x18ab0000, 0x1ba5b618, 0x1ba5b800, 0x1baf2000)
 compacting perm gen  total 12288K, used 3643K [0x43560000, 0x44160000, 0x47560000)
   the space 12288K,  29% used [0x43560000, 0x438eee78, 0x438ef000, 0x44160000)
No shared spaces configured.
}
Event: 5.593 GC heap before
{Heap before GC invocations=44 (full 4):
 def new generation   total 13248K, used 13247K [0x03560000, 0x043b0000, 0x18ab0000)
  eden space 11840K, 100% used [0x03560000, 0x040f0000, 0x040f0000)
  from space 1408K,  99% used [0x04250000, 0x043afff8, 0x043b0000)
  to   space 1408K,   0% used [0x040f0000, 0x040f0000, 0x04250000)
 tenured generation   total 49416K, used 48813K [0x18ab0000, 0x1baf2000, 0x43560000)
   the space 49416K,  98% used [0x18ab0000, 0x1ba5b618, 0x1ba5b800, 0x1baf2000)
 compacting perm gen  total 12288K, used 3643K [0x43560000, 0x44160000, 0x47560000)
   the space 12288K,  29% used [0x43560000, 0x438eef38, 0x438ef000, 0x44160000)
No shared spaces configured.
Event: 5.936 GC heap after
Heap after GC invocations=45 (full 5):
 def new generation   total 13248K, used 1311K [0x03560000, 0x043b0000, 0x18ab0000)
  eden space 11840K,  11% used [0x03560000, 0x036a7c80, 0x040f0000)
  from space 1408K,   0% used [0x040f0000, 0x040f0000, 0x04250000)
  to   space 1408K,   0% used [0x04250000, 0x04250000, 0x043b0000)
 tenured generation   total 50568K, used 50567K [0x18ab0000, 0x1bc12000, 0x43560000)
   the space 50568K,  99% used [0x18ab0000, 0x1bc11ff0, 0x1bc12000, 0x1bc12000)
 compacting perm gen  total 12288K, used 3643K [0x43560000, 0x44160000, 0x47560000)
   the space 12288K,  29% used [0x43560000, 0x438eef38, 0x438ef000, 0x44160000)
No shared spaces configured.
}
Event: 6.236 GC heap before
{Heap before GC invocations=45 (full 5):
 def new generation   total 13248K, used 11840K [0x03560000, 0x043b0000, 0x18ab0000)
  eden space 11840K, 100% used [0x03560000, 0x040f0000, 0x040f0000)
  from space 1408K,   0% used [0x040f0000, 0x040f0000, 0x04250000)
  to   space 1408K,   0% used [0x04250000, 0x04250000, 0x043b0000)
 tenured generation   total 50568K, used 50567K [0x18ab0000, 0x1bc12000, 0x43560000)
   the space 50568K,  99% used [0x18ab0000, 0x1bc11ff0, 0x1bc12000, 0x1bc12000)
 compacting perm gen  total 12288K, used 3643K [0x43560000, 0x44160000, 0x47560000)
   the space 12288K,  29% used [0x43560000, 0x438eef38, 0x438ef000, 0x44160000)
No shared spaces configured.

